2016-06-29 13:37:03,961 - [INFO] - from play in pool-4-thread-3 
Listening for HTTP on /0:0:0:0:0:0:0:0:9000

2016-06-29 13:45:14,051 - [INFO] - from play in play-internal-execution-context-1 
database [default] connected at jdbc:postgresql://localhost:5432/studentconnect

2016-06-29 13:45:17,275 - [INFO] - from play in play-internal-execution-context-1 
Application started (Dev)

2016-06-29 13:46:23,245 - [INFO] - from play in play-internal-execution-context-1 
database [default] connected at jdbc:postgresql://localhost:5432/studentconnect

2016-06-29 13:46:23,430 - [INFO] - from play in play-internal-execution-context-1 
Application started (Dev)

2016-06-29 13:47:04,000 - [INFO] - from play in play-internal-execution-context-1 
database [default] connected at jdbc:postgresql://localhost:5432/studentconnect

2016-06-29 13:47:04,199 - [INFO] - from play in play-internal-execution-context-1 
Application started (Dev)

2016-06-29 13:48:08,088 - [INFO] - from play in play-internal-execution-context-1 
database [default] connected at jdbc:postgresql://localhost:5432/studentconnect

2016-06-29 13:48:08,216 - [INFO] - from play in play-internal-execution-context-1 
Application started (Dev)

2016-06-29 13:48:31,457 - [WARN] - from play in play-akka.actor.default-dispatcher-29 
You are using status code '400' with flashing, which should only be used with a redirect status!

2016-06-29 13:53:59,324 - [INFO] - from play in play-internal-execution-context-1 
database [default] connected at jdbc:postgresql://localhost:5432/studentconnect

2016-06-29 13:53:59,473 - [INFO] - from play in play-internal-execution-context-1 
Application started (Dev)

2016-06-29 14:06:53,465 - [ERROR] - from application in New I/O worker #1 


! @70hd6b053 - Internal server error, for (GET) [/course/field/all] ->

play.PlayExceptions$CompilationException: Compilation error[illegal start of simple pattern]
	at play.PlayExceptions$CompilationException$.apply(PlayExceptions.scala:27) ~[na:na]
	at play.PlayExceptions$CompilationException$.apply(PlayExceptions.scala:27) ~[na:na]
	at scala.Option.map(Option.scala:145) ~[scala-library-2.11.1.jar:na]
	at play.PlayReloader$$anon$1$$anonfun$play$PlayReloader$$anon$$taskFailureHandler$1.apply(PlayReloader.scala:234) ~[na:na]
	at play.PlayReloader$$anon$1$$anonfun$play$PlayReloader$$anon$$taskFailureHandler$1.apply(PlayReloader.scala:229) ~[na:na]
	at scala.Option.map(Option.scala:145) ~[scala-library-2.11.1.jar:na]
	at play.PlayReloader$$anon$1.play$PlayReloader$$anon$$taskFailureHandler(PlayReloader.scala:229) ~[na:na]
	at play.PlayReloader$$anon$1$$anonfun$reload$2.apply(PlayReloader.scala:89) ~[na:na]
	at play.PlayReloader$$anon$1$$anonfun$reload$2.apply(PlayReloader.scala:89) ~[na:na]
	at scala.util.Either$LeftProjection.map(Either.scala:377) ~[scala-library-2.11.1.jar:na]
	at play.PlayReloader$$anon$1.reload(PlayReloader.scala:89) ~[na:na]
	at play.core.ReloadableApplication$$anonfun$get$1.apply(ApplicationProvider.scala:122) ~[play_2.11-2.3.3.jar:2.3.3]
	at play.core.ReloadableApplication$$anonfun$get$1.apply(ApplicationProvider.scala:120) ~[play_2.11-2.3.3.jar:2.3.3]
	at scala.concurrent.impl.Future$PromiseCompletingRunnable.liftedTree1$1(Future.scala:24) ~[scala-library-2.11.1.jar:na]
	at scala.concurrent.impl.Future$PromiseCompletingRunnable.run(Future.scala:24) ~[scala-library-2.11.1.jar:na]
	at scala.concurrent.forkjoin.ForkJoinTask$AdaptedRunnableAction.exec(ForkJoinTask.java:1361) ~[scala-library-2.11.1.jar:na]
	at scala.concurrent.forkjoin.ForkJoinTask.doExec(ForkJoinTask.java:260) ~[scala-library-2.11.1.jar:na]
	at scala.concurrent.forkjoin.ForkJoinPool$WorkQueue.runTask(ForkJoinPool.java:1339) ~[scala-library-2.11.1.jar:na]
	at scala.concurrent.forkjoin.ForkJoinPool.runWorker(ForkJoinPool.java:1979) ~[scala-library-2.11.1.jar:na]
	at scala.concurrent.forkjoin.ForkJoinWorkerThread.run(ForkJoinWorkerThread.java:107) ~[scala-library-2.11.1.jar:na]

2016-06-29 14:10:58,252 - [ERROR] - from application in New I/O worker #2 


! @70hd6oo8m - Internal server error, for (GET) [/course/field/all] ->

play.PlayExceptions$CompilationException: Compilation error[value getList is not a member of java.util.List[models.web.CourseField]]
	at play.PlayExceptions$CompilationException$.apply(PlayExceptions.scala:27) ~[na:na]
	at play.PlayExceptions$CompilationException$.apply(PlayExceptions.scala:27) ~[na:na]
	at scala.Option.map(Option.scala:145) ~[scala-library-2.11.1.jar:na]
	at play.PlayReloader$$anon$1$$anonfun$play$PlayReloader$$anon$$taskFailureHandler$1.apply(PlayReloader.scala:234) ~[na:na]
	at play.PlayReloader$$anon$1$$anonfun$play$PlayReloader$$anon$$taskFailureHandler$1.apply(PlayReloader.scala:229) ~[na:na]
	at scala.Option.map(Option.scala:145) ~[scala-library-2.11.1.jar:na]
	at play.PlayReloader$$anon$1.play$PlayReloader$$anon$$taskFailureHandler(PlayReloader.scala:229) ~[na:na]
	at play.PlayReloader$$anon$1$$anonfun$reload$2.apply(PlayReloader.scala:89) ~[na:na]
	at play.PlayReloader$$anon$1$$anonfun$reload$2.apply(PlayReloader.scala:89) ~[na:na]
	at scala.util.Either$LeftProjection.map(Either.scala:377) ~[scala-library-2.11.1.jar:na]
	at play.PlayReloader$$anon$1.reload(PlayReloader.scala:89) ~[na:na]
	at play.core.ReloadableApplication$$anonfun$get$1.apply(ApplicationProvider.scala:122) ~[play_2.11-2.3.3.jar:2.3.3]
	at play.core.ReloadableApplication$$anonfun$get$1.apply(ApplicationProvider.scala:120) ~[play_2.11-2.3.3.jar:2.3.3]
	at scala.concurrent.impl.Future$PromiseCompletingRunnable.liftedTree1$1(Future.scala:24) ~[scala-library-2.11.1.jar:na]
	at scala.concurrent.impl.Future$PromiseCompletingRunnable.run(Future.scala:24) ~[scala-library-2.11.1.jar:na]
	at scala.concurrent.forkjoin.ForkJoinTask$AdaptedRunnableAction.exec(ForkJoinTask.java:1361) ~[scala-library-2.11.1.jar:na]
	at scala.concurrent.forkjoin.ForkJoinTask.doExec(ForkJoinTask.java:260) ~[scala-library-2.11.1.jar:na]
	at scala.concurrent.forkjoin.ForkJoinPool$WorkQueue.runTask(ForkJoinPool.java:1339) ~[scala-library-2.11.1.jar:na]
	at scala.concurrent.forkjoin.ForkJoinPool.runWorker(ForkJoinPool.java:1979) ~[scala-library-2.11.1.jar:na]
	at scala.concurrent.forkjoin.ForkJoinWorkerThread.run(ForkJoinWorkerThread.java:107) ~[scala-library-2.11.1.jar:na]

2016-06-29 14:16:28,498 - [INFO] - from play in play-internal-execution-context-1 
database [default] connected at jdbc:postgresql://localhost:5432/studentconnect

2016-06-29 14:16:28,732 - [INFO] - from play in play-internal-execution-context-1 
Application started (Dev)

2016-06-29 14:17:27,098 - [INFO] - from play in play-internal-execution-context-1 
database [default] connected at jdbc:postgresql://localhost:5432/studentconnect

2016-06-29 14:17:27,226 - [INFO] - from play in play-internal-execution-context-1 
Application started (Dev)

2016-06-29 14:31:20,875 - [INFO] - from play in play-internal-execution-context-1 
database [default] connected at jdbc:postgresql://localhost:5432/studentconnect

2016-06-29 14:31:21,022 - [INFO] - from play in play-internal-execution-context-1 
Application started (Dev)

2016-06-29 14:38:48,712 - [INFO] - from play in play-internal-execution-context-1 
database [default] connected at jdbc:postgresql://localhost:5432/studentconnect

2016-06-29 14:38:48,850 - [INFO] - from play in play-internal-execution-context-1 
Application started (Dev)

2016-06-29 14:39:14,412 - [INFO] - from play in play-internal-execution-context-1 
database [default] connected at jdbc:postgresql://localhost:5432/studentconnect

2016-06-29 14:39:14,551 - [INFO] - from play in play-internal-execution-context-1 
Application started (Dev)

2016-06-29 14:41:11,278 - [INFO] - from play in play-internal-execution-context-1 
database [default] connected at jdbc:postgresql://localhost:5432/studentconnect

2016-06-29 14:41:11,396 - [INFO] - from play in play-internal-execution-context-1 
Application started (Dev)

2016-06-29 14:41:41,525 - [INFO] - from play in play-internal-execution-context-1 
database [default] connected at jdbc:postgresql://localhost:5432/studentconnect

2016-06-29 14:41:41,670 - [INFO] - from play in play-internal-execution-context-1 
Application started (Dev)

2016-06-29 14:55:47,385 - [INFO] - from play in play-internal-execution-context-1 
database [default] connected at jdbc:postgresql://localhost:5432/studentconnect

2016-06-29 14:55:47,497 - [INFO] - from play in play-internal-execution-context-1 
Application started (Dev)

2016-06-29 14:59:26,131 - [INFO] - from play in play-internal-execution-context-1 
database [default] connected at jdbc:postgresql://localhost:5432/studentconnect

2016-06-29 14:59:26,251 - [INFO] - from play in play-internal-execution-context-1 
Application started (Dev)

2016-06-29 15:10:43,942 - [INFO] - from play in play-internal-execution-context-1 
database [default] connected at jdbc:postgresql://localhost:5432/studentconnect

2016-06-29 15:10:44,096 - [INFO] - from play in play-internal-execution-context-1 
Application started (Dev)

2016-06-29 15:11:23,092 - [INFO] - from application in play-akka.actor.default-dispatcher-203 
Id is null

2016-06-29 15:11:42,159 - [INFO] - from application in play-akka.actor.default-dispatcher-203 
Id is 61

2016-06-29 15:12:10,725 - [INFO] - from application in play-akka.actor.default-dispatcher-214 
Id is 61

2016-06-29 15:12:37,523 - [INFO] - from application in play-akka.actor.default-dispatcher-194 
Id is 1

2016-06-29 15:13:04,717 - [INFO] - from application in play-akka.actor.default-dispatcher-194 
Id is 42

2016-06-29 15:13:26,733 - [INFO] - from application in play-akka.actor.default-dispatcher-223 
Id is 43

2016-06-29 15:14:48,385 - [INFO] - from application in play-akka.actor.default-dispatcher-237 
Id is 61

2016-06-29 15:17:35,643 - [INFO] - from play in play-internal-execution-context-1 
database [default] connected at jdbc:postgresql://localhost:5432/studentconnect

2016-06-29 15:17:35,748 - [INFO] - from play in play-internal-execution-context-1 
Application started (Dev)

2016-06-29 15:48:29,097 - [INFO] - from play in play-internal-execution-context-1 
database [default] connected at jdbc:postgresql://localhost:5432/studentconnect

2016-06-29 15:48:31,432 - [INFO] - from play in play-internal-execution-context-1 
Application started (Dev)

2016-06-29 15:50:17,378 - [INFO] - from play in play-internal-execution-context-1 
database [default] connected at jdbc:postgresql://localhost:5432/studentconnect

2016-06-29 15:50:17,890 - [INFO] - from play in play-internal-execution-context-1 
Application started (Dev)

2016-06-29 15:56:55,146 - [INFO] - from play in play-internal-execution-context-1 
database [default] connected at jdbc:postgresql://localhost:5432/studentconnect

2016-06-29 15:56:55,695 - [INFO] - from play in play-internal-execution-context-1 
Application started (Dev)

2016-06-29 16:00:17,788 - [INFO] - from play in play-internal-execution-context-1 
database [default] connected at jdbc:postgresql://localhost:5432/studentconnect

2016-06-29 16:00:18,194 - [INFO] - from play in play-internal-execution-context-1 
Application started (Dev)

2016-06-29 16:02:58,920 - [INFO] - from play in play-internal-execution-context-1 
database [default] connected at jdbc:postgresql://localhost:5432/studentconnect

2016-06-29 16:02:59,312 - [INFO] - from play in play-internal-execution-context-1 
Application started (Dev)

2016-06-29 16:03:49,253 - [INFO] - from application in play-akka.actor.default-dispatcher-297 
Id is null

2016-06-29 16:03:56,882 - [INFO] - from application in play-akka.actor.default-dispatcher-302 
Id is null

2016-06-29 16:04:08,647 - [INFO] - from application in play-akka.actor.default-dispatcher-302 
Id is 81

2016-06-29 16:04:24,921 - [INFO] - from application in play-akka.actor.default-dispatcher-307 
Id is 81

2016-06-29 16:04:59,977 - [INFO] - from play in play-internal-execution-context-1 
database [default] connected at jdbc:postgresql://localhost:5432/studentconnect

2016-06-29 16:05:00,074 - [INFO] - from play in play-internal-execution-context-1 
Application started (Dev)

2016-06-29 16:06:22,755 - [INFO] - from play in play-internal-execution-context-1 
database [default] connected at jdbc:postgresql://localhost:5432/studentconnect

2016-06-29 16:06:22,886 - [INFO] - from play in play-internal-execution-context-1 
Application started (Dev)

2016-06-29 16:10:21,842 - [INFO] - from play in play-internal-execution-context-1 
database [default] connected at jdbc:postgresql://localhost:5432/studentconnect

2016-06-29 16:10:21,950 - [INFO] - from play in play-internal-execution-context-1 
Application started (Dev)

2016-06-29 16:13:09,776 - [INFO] - from play in play-internal-execution-context-1 
database [default] connected at jdbc:postgresql://localhost:5432/studentconnect

2016-06-29 16:13:10,165 - [INFO] - from play in play-internal-execution-context-1 
Application started (Dev)

2016-06-29 16:14:43,749 - [INFO] - from play in play-internal-execution-context-1 
database [default] connected at jdbc:postgresql://localhost:5432/studentconnect

2016-06-29 16:14:44,521 - [INFO] - from play in play-internal-execution-context-1 
Application started (Dev)

2016-06-29 16:27:22,807 - [INFO] - from play in play-internal-execution-context-1 
database [default] connected at jdbc:postgresql://localhost:5432/studentconnect

2016-06-29 16:27:23,422 - [INFO] - from play in play-internal-execution-context-1 
Application started (Dev)

2016-06-29 16:38:44,368 - [INFO] - from play in play-internal-execution-context-5 
database [default] connected at jdbc:postgresql://localhost:5432/studentconnect

2016-06-29 16:38:44,598 - [INFO] - from play in play-internal-execution-context-5 
Application started (Dev)

2016-06-29 16:43:17,245 - [INFO] - from play in play-internal-execution-context-5 
database [default] connected at jdbc:postgresql://localhost:5432/studentconnect

2016-06-29 16:43:17,343 - [INFO] - from play in play-internal-execution-context-5 
Application started (Dev)

2016-06-29 16:44:31,427 - [INFO] - from play in play-internal-execution-context-5 
database [default] connected at jdbc:postgresql://localhost:5432/studentconnect

2016-06-29 16:44:31,523 - [INFO] - from play in play-internal-execution-context-5 
Application started (Dev)

2016-06-29 16:44:45,219 - [INFO] - from application in play-akka.actor.default-dispatcher-447 
Id is null

2016-06-29 16:45:08,770 - [INFO] - from play in play-internal-execution-context-5 
database [default] connected at jdbc:postgresql://localhost:5432/studentconnect

2016-06-29 16:45:08,859 - [INFO] - from play in play-internal-execution-context-5 
Application started (Dev)

2016-06-29 16:45:30,019 - [INFO] - from application in play-akka.actor.default-dispatcher-447 
Id is 101

2016-06-29 16:46:12,787 - [INFO] - from play in play-internal-execution-context-5 
database [default] connected at jdbc:postgresql://localhost:5432/studentconnect

2016-06-29 16:46:12,933 - [INFO] - from play in play-internal-execution-context-5 
Application started (Dev)

2016-06-29 17:10:21,965 - [ERROR] - from application in New I/O worker #1 


! @70he4d4k4 - Internal server error, for (GET) [/course/field/new] ->

play.PlayExceptions$RoutesCompilationException: Compilation error[Identifier expected]
	at play.PlaySourceGenerators$$anonfun$1.apply(PlaySourceGenerators.scala:24) ~[na:na]
	at play.PlaySourceGenerators$$anonfun$1.apply(PlaySourceGenerators.scala:12) ~[na:na]
	at play.PlaySettings$$anonfun$defaultSettings$29.apply(PlaySettings.scala:118) ~[na:na]
	at play.PlaySettings$$anonfun$defaultSettings$29.apply(PlaySettings.scala:118) ~[na:na]
	at scala.Function7$$anonfun$tupled$1.apply(Function7.scala:35) ~[scala-library-2.11.1.jar:na]
	at scala.Function7$$anonfun$tupled$1.apply(Function7.scala:34) ~[scala-library-2.11.1.jar:na]
	at scala.Function1$$anonfun$compose$1.apply(Function1.scala:47) ~[scala-library-2.11.1.jar:na]
	at sbt.$tilde$greater$$anonfun$$u2219$1.apply(TypeFunctions.scala:42) ~[na:na]
	at sbt.std.Transform$$anon$4.work(System.scala:64) ~[na:na]
	at sbt.Execute$$anonfun$submit$1$$anonfun$apply$1.apply(Execute.scala:237) ~[na:na]
	at sbt.Execute$$anonfun$submit$1$$anonfun$apply$1.apply(Execute.scala:237) ~[na:na]
	at sbt.ErrorHandling$.wideConvert(ErrorHandling.scala:18) ~[na:na]
	at sbt.Execute.work(Execute.scala:244) ~[na:na]
	at sbt.Execute$$anonfun$submit$1.apply(Execute.scala:237) ~[na:na]
	at sbt.Execute$$anonfun$submit$1.apply(Execute.scala:237) ~[na:na]
	at sbt.ConcurrentRestrictions$$anon$4$$anonfun$1.apply(ConcurrentRestrictions.scala:160) ~[na:na]
	at sbt.CompletionService$$anon$2.call(CompletionService.scala:30) ~[na:na]
	at java.util.concurrent.FutureTask.run(FutureTask.java:266) ~[na:1.8.0_91]
	at java.util.concurrent.Executors$RunnableAdapter.call(Executors.java:511) ~[na:1.8.0_91]
	at java.util.concurrent.FutureTask.run(FutureTask.java:266) ~[na:1.8.0_91]
	at java.util.concurrent.ThreadPoolExecutor.runWorker(ThreadPoolExecutor.java:1142) [na:1.8.0_91]
	at java.util.concurrent.ThreadPoolExecutor$Worker.run(ThreadPoolExecutor.java:617) [na:1.8.0_91]
	at java.lang.Thread.run(Thread.java:745) [na:1.8.0_91]

2016-06-29 17:12:24,754 - [INFO] - from play in play-internal-execution-context-5 
database [default] connected at jdbc:postgresql://localhost:5432/studentconnect

2016-06-29 17:12:25,563 - [INFO] - from play in play-internal-execution-context-5 
Application started (Dev)

2016-06-29 17:16:11,978 - [INFO] - from play in play-internal-execution-context-5 
database [default] connected at jdbc:postgresql://localhost:5432/studentconnect

2016-06-29 17:16:12,287 - [INFO] - from play in play-internal-execution-context-5 
Application started (Dev)

2016-06-29 18:01:17,424 - [INFO] - from play in play-internal-execution-context-5 
database [default] connected at jdbc:postgresql://localhost:5432/studentconnect

2016-06-29 18:01:18,836 - [INFO] - from play in play-internal-execution-context-5 
Application started (Dev)

2016-06-29 20:57:54,445 - [ERROR] - from application in New I/O worker #2 


! @70hf8a2oe - Internal server error, for (GET) [/course/field/all] ->

play.PlayExceptions$CompilationException: Compilation error[not found: value courseFieldForm]
	at play.PlayExceptions$CompilationException$.apply(PlayExceptions.scala:27) ~[na:na]
	at play.PlayExceptions$CompilationException$.apply(PlayExceptions.scala:27) ~[na:na]
	at scala.Option.map(Option.scala:145) ~[scala-library-2.11.1.jar:na]
	at play.PlayReloader$$anon$1$$anonfun$play$PlayReloader$$anon$$taskFailureHandler$1.apply(PlayReloader.scala:234) ~[na:na]
	at play.PlayReloader$$anon$1$$anonfun$play$PlayReloader$$anon$$taskFailureHandler$1.apply(PlayReloader.scala:229) ~[na:na]
	at scala.Option.map(Option.scala:145) ~[scala-library-2.11.1.jar:na]
	at play.PlayReloader$$anon$1.play$PlayReloader$$anon$$taskFailureHandler(PlayReloader.scala:229) ~[na:na]
	at play.PlayReloader$$anon$1$$anonfun$reload$2.apply(PlayReloader.scala:89) ~[na:na]
	at play.PlayReloader$$anon$1$$anonfun$reload$2.apply(PlayReloader.scala:89) ~[na:na]
	at scala.util.Either$LeftProjection.map(Either.scala:377) ~[scala-library-2.11.1.jar:na]
	at play.PlayReloader$$anon$1.reload(PlayReloader.scala:89) ~[na:na]
	at play.core.ReloadableApplication$$anonfun$get$1.apply(ApplicationProvider.scala:122) ~[play_2.11-2.3.3.jar:2.3.3]
	at play.core.ReloadableApplication$$anonfun$get$1.apply(ApplicationProvider.scala:120) ~[play_2.11-2.3.3.jar:2.3.3]
	at scala.concurrent.impl.Future$PromiseCompletingRunnable.liftedTree1$1(Future.scala:24) ~[scala-library-2.11.1.jar:na]
	at scala.concurrent.impl.Future$PromiseCompletingRunnable.run(Future.scala:24) ~[scala-library-2.11.1.jar:na]
	at scala.concurrent.forkjoin.ForkJoinTask$AdaptedRunnableAction.exec(ForkJoinTask.java:1361) ~[scala-library-2.11.1.jar:na]
	at scala.concurrent.forkjoin.ForkJoinTask.doExec(ForkJoinTask.java:260) ~[scala-library-2.11.1.jar:na]
	at scala.concurrent.forkjoin.ForkJoinPool$WorkQueue.runTask(ForkJoinPool.java:1339) ~[scala-library-2.11.1.jar:na]
	at scala.concurrent.forkjoin.ForkJoinPool.runWorker(ForkJoinPool.java:1979) ~[scala-library-2.11.1.jar:na]
	at scala.concurrent.forkjoin.ForkJoinWorkerThread.run(ForkJoinWorkerThread.java:107) ~[scala-library-2.11.1.jar:na]

2016-06-29 21:02:18,314 - [INFO] - from play in play-internal-execution-context-5 
database [default] connected at jdbc:postgresql://localhost:5432/studentconnect

2016-06-29 21:02:29,861 - [INFO] - from play in play-internal-execution-context-5 
Application started (Dev)

2016-06-29 21:02:32,087 - [INFO] - from play in play-internal-execution-context-5 
database [default] connected at jdbc:postgresql://localhost:5432/studentconnect

2016-06-29 21:02:32,228 - [INFO] - from play in play-internal-execution-context-5 
Application started (Dev)

2016-06-29 21:03:17,282 - [ERROR] - from play in play-akka.actor.default-dispatcher-531 
Cannot invoke the action, eventually got an error: java.lang.IllegalStateException: JSR-303 validated property 'Course_level_description' does not have a corresponding accessor for data binding - check your DataBinder's configuration (bean property versus direct field access)

2016-06-29 21:03:17,614 - [ERROR] - from application in play-akka.actor.default-dispatcher-531 


! @70hf92d00 - Internal server error, for (POST) [/course/level/save] ->

play.api.Application$$anon$1: Execution exception[[IllegalStateException: JSR-303 validated property 'Course_level_description' does not have a corresponding accessor for data binding - check your DataBinder's configuration (bean property versus direct field access)]]
	at play.api.Application$class.handleError(Application.scala:296) ~[play_2.11-2.3.3.jar:2.3.3]
	at play.api.DefaultApplication.handleError(Application.scala:402) [play_2.11-2.3.3.jar:2.3.3]
	at play.core.server.netty.PlayDefaultUpstreamHandler$$anonfun$3$$anonfun$applyOrElse$4.apply(PlayDefaultUpstreamHandler.scala:320) [play_2.11-2.3.3.jar:2.3.3]
	at play.core.server.netty.PlayDefaultUpstreamHandler$$anonfun$3$$anonfun$applyOrElse$4.apply(PlayDefaultUpstreamHandler.scala:320) [play_2.11-2.3.3.jar:2.3.3]
	at scala.Option.map(Option.scala:145) [scala-library-2.11.1.jar:na]
	at play.core.server.netty.PlayDefaultUpstreamHandler$$anonfun$3.applyOrElse(PlayDefaultUpstreamHandler.scala:320) [play_2.11-2.3.3.jar:2.3.3]
	at play.core.server.netty.PlayDefaultUpstreamHandler$$anonfun$3.applyOrElse(PlayDefaultUpstreamHandler.scala:316) [play_2.11-2.3.3.jar:2.3.3]
	at scala.concurrent.Future$$anonfun$recoverWith$1.apply(Future.scala:344) [scala-library-2.11.1.jar:na]
	at scala.concurrent.Future$$anonfun$recoverWith$1.apply(Future.scala:343) [scala-library-2.11.1.jar:na]
	at scala.concurrent.impl.CallbackRunnable.run(Promise.scala:32) [scala-library-2.11.1.jar:na]
	at play.api.libs.iteratee.Execution$trampoline$.execute(Execution.scala:46) [play-iteratees_2.11-2.3.3.jar:2.3.3]
	at scala.concurrent.impl.CallbackRunnable.executeWithValue(Promise.scala:40) [scala-library-2.11.1.jar:na]
	at scala.concurrent.impl.Promise$DefaultPromise.tryComplete(Promise.scala:248) [scala-library-2.11.1.jar:na]
	at scala.concurrent.Promise$class.complete(Promise.scala:55) [scala-library-2.11.1.jar:na]
	at scala.concurrent.impl.Promise$DefaultPromise.complete(Promise.scala:153) [scala-library-2.11.1.jar:na]
	at scala.concurrent.impl.Future$PromiseCompletingRunnable.run(Future.scala:23) [scala-library-2.11.1.jar:na]
	at akka.dispatch.TaskInvocation.run(AbstractDispatcher.scala:41) [akka-actor_2.11-2.3.4.jar:na]
	at akka.dispatch.ForkJoinExecutorConfigurator$AkkaForkJoinTask.exec(AbstractDispatcher.scala:393) [akka-actor_2.11-2.3.4.jar:na]
	at scala.concurrent.forkjoin.ForkJoinTask.doExec(ForkJoinTask.java:260) [scala-library-2.11.1.jar:na]
	at scala.concurrent.forkjoin.ForkJoinPool$WorkQueue.runTask(ForkJoinPool.java:1339) [scala-library-2.11.1.jar:na]
	at scala.concurrent.forkjoin.ForkJoinPool.runWorker(ForkJoinPool.java:1979) [scala-library-2.11.1.jar:na]
	at scala.concurrent.forkjoin.ForkJoinWorkerThread.run(ForkJoinWorkerThread.java:107) [scala-library-2.11.1.jar:na]
Caused by: java.lang.IllegalStateException: JSR-303 validated property 'Course_level_description' does not have a corresponding accessor for data binding - check your DataBinder's configuration (bean property versus direct field access)
	at play.data.Form.bind(Form.java:349) ~[play-java_2.11-2.3.3.jar:2.3.3]
	at play.data.Form.bindFromRequest(Form.java:221) ~[play-java_2.11-2.3.3.jar:2.3.3]
	at controllers.admincontrollers.CourseActions.saveCourseLevel(CourseActions.java:71) ~[classes/:na]
	at admin.Routes$$anonfun$routes$1$$anonfun$applyOrElse$8$$anonfun$apply$8.apply(routes_routing.scala:183) ~[classes/:na]
	at admin.Routes$$anonfun$routes$1$$anonfun$applyOrElse$8$$anonfun$apply$8.apply(routes_routing.scala:183) ~[classes/:na]
	at play.core.Router$HandlerInvokerFactory$$anon$4.resultCall(Router.scala:264) ~[play_2.11-2.3.3.jar:2.3.3]
	at play.core.Router$HandlerInvokerFactory$JavaActionInvokerFactory$$anon$15$$anon$1.invocation(Router.scala:255) ~[play_2.11-2.3.3.jar:2.3.3]
	at play.core.j.JavaAction$$anon$1.call(JavaAction.scala:55) ~[play_2.11-2.3.3.jar:2.3.3]
	at play.core.j.JavaAction$$anonfun$11.apply(JavaAction.scala:82) ~[play_2.11-2.3.3.jar:2.3.3]
	at play.core.j.JavaAction$$anonfun$11.apply(JavaAction.scala:82) ~[play_2.11-2.3.3.jar:2.3.3]
	at scala.concurrent.impl.Future$PromiseCompletingRunnable.liftedTree1$1(Future.scala:24) [scala-library-2.11.1.jar:na]
	at scala.concurrent.impl.Future$PromiseCompletingRunnable.run(Future.scala:24) [scala-library-2.11.1.jar:na]
	at play.core.j.HttpExecutionContext$$anon$2.run(HttpExecutionContext.scala:40) ~[play_2.11-2.3.3.jar:2.3.3]
	at play.api.libs.iteratee.Execution$trampoline$.execute(Execution.scala:46) [play-iteratees_2.11-2.3.3.jar:2.3.3]
	at play.core.j.HttpExecutionContext.execute(HttpExecutionContext.scala:32) ~[play_2.11-2.3.3.jar:2.3.3]
	at scala.concurrent.impl.Future$.apply(Future.scala:31) ~[scala-library-2.11.1.jar:na]
	at scala.concurrent.Future$.apply(Future.scala:492) ~[scala-library-2.11.1.jar:na]
	at play.core.j.JavaAction$class.apply(JavaAction.scala:82) ~[play_2.11-2.3.3.jar:2.3.3]
	at play.core.Router$HandlerInvokerFactory$JavaActionInvokerFactory$$anon$15$$anon$1.apply(Router.scala:252) ~[play_2.11-2.3.3.jar:2.3.3]
	at play.api.mvc.Action$$anonfun$apply$1$$anonfun$apply$4$$anonfun$apply$5.apply(Action.scala:130) ~[play_2.11-2.3.3.jar:2.3.3]
	at play.api.mvc.Action$$anonfun$apply$1$$anonfun$apply$4$$anonfun$apply$5.apply(Action.scala:130) ~[play_2.11-2.3.3.jar:2.3.3]
	at play.utils.Threads$.withContextClassLoader(Threads.scala:21) ~[play_2.11-2.3.3.jar:2.3.3]
	at play.api.mvc.Action$$anonfun$apply$1$$anonfun$apply$4.apply(Action.scala:129) ~[play_2.11-2.3.3.jar:2.3.3]
	at play.api.mvc.Action$$anonfun$apply$1$$anonfun$apply$4.apply(Action.scala:128) ~[play_2.11-2.3.3.jar:2.3.3]
	at scala.Option.map(Option.scala:145) [scala-library-2.11.1.jar:na]
	at play.api.mvc.Action$$anonfun$apply$1.apply(Action.scala:128) ~[play_2.11-2.3.3.jar:2.3.3]
	at play.api.mvc.Action$$anonfun$apply$1.apply(Action.scala:121) ~[play_2.11-2.3.3.jar:2.3.3]
	at play.api.libs.iteratee.Iteratee$$anonfun$mapM$1.apply(Iteratee.scala:483) ~[play-iteratees_2.11-2.3.3.jar:2.3.3]
	at play.api.libs.iteratee.Iteratee$$anonfun$mapM$1.apply(Iteratee.scala:483) ~[play-iteratees_2.11-2.3.3.jar:2.3.3]
	at play.api.libs.iteratee.Iteratee$$anonfun$flatMapM$1.apply(Iteratee.scala:519) ~[play-iteratees_2.11-2.3.3.jar:2.3.3]
	at play.api.libs.iteratee.Iteratee$$anonfun$flatMapM$1.apply(Iteratee.scala:519) ~[play-iteratees_2.11-2.3.3.jar:2.3.3]
	at play.api.libs.iteratee.Iteratee$$anonfun$flatMap$1$$anonfun$apply$14.apply(Iteratee.scala:496) ~[play-iteratees_2.11-2.3.3.jar:2.3.3]
	at play.api.libs.iteratee.Iteratee$$anonfun$flatMap$1$$anonfun$apply$14.apply(Iteratee.scala:496) ~[play-iteratees_2.11-2.3.3.jar:2.3.3]
	at scala.concurrent.impl.Future$PromiseCompletingRunnable.liftedTree1$1(Future.scala:24) [scala-library-2.11.1.jar:na]
	at scala.concurrent.impl.Future$PromiseCompletingRunnable.run(Future.scala:24) [scala-library-2.11.1.jar:na]
	... 6 common frames omitted
Caused by: org.springframework.beans.NotReadablePropertyException: Invalid property 'Course_level_description' of bean class [models.web.CourseLevel]: Bean property 'Course_level_description' is not readable or has an invalid getter method: Does the return type of the getter match the parameter type of the setter?
	at org.springframework.beans.BeanWrapperImpl.getPropertyValue(BeanWrapperImpl.java:725) ~[spring-beans-4.0.3.RELEASE.jar:4.0.3.RELEASE]
	at org.springframework.beans.BeanWrapperImpl.getPropertyValue(BeanWrapperImpl.java:716) ~[spring-beans-4.0.3.RELEASE.jar:4.0.3.RELEASE]
	at org.springframework.validation.AbstractPropertyBindingResult.getActualFieldValue(AbstractPropertyBindingResult.java:99) ~[spring-context-4.0.3.RELEASE.jar:4.0.3.RELEASE]
	at org.springframework.validation.AbstractBindingResult.rejectValue(AbstractBindingResult.java:108) ~[spring-context-4.0.3.RELEASE.jar:4.0.3.RELEASE]
	at play.data.Form.bind(Form.java:343) ~[play-java_2.11-2.3.3.jar:2.3.3]
	... 40 common frames omitted

2016-06-29 21:04:22,672 - [INFO] - from play in play-internal-execution-context-5 
database [default] connected at jdbc:postgresql://localhost:5432/studentconnect

2016-06-29 21:04:23,271 - [INFO] - from play in play-internal-execution-context-5 
Application started (Dev)

2016-06-29 21:04:23,319 - [ERROR] - from play in play-akka.actor.default-dispatcher-518 
Cannot invoke the action, eventually got an error: java.lang.IllegalStateException: JSR-303 validated property 'Course_level_name' does not have a corresponding accessor for data binding - check your DataBinder's configuration (bean property versus direct field access)

2016-06-29 21:04:23,322 - [ERROR] - from application in play-akka.actor.default-dispatcher-518 


! @70hf96666 - Internal server error, for (POST) [/course/level/save] ->

play.api.Application$$anon$1: Execution exception[[IllegalStateException: JSR-303 validated property 'Course_level_name' does not have a corresponding accessor for data binding - check your DataBinder's configuration (bean property versus direct field access)]]
	at play.api.Application$class.handleError(Application.scala:296) ~[play_2.11-2.3.3.jar:2.3.3]
	at play.api.DefaultApplication.handleError(Application.scala:402) [play_2.11-2.3.3.jar:2.3.3]
	at play.core.server.netty.PlayDefaultUpstreamHandler$$anonfun$3$$anonfun$applyOrElse$4.apply(PlayDefaultUpstreamHandler.scala:320) [play_2.11-2.3.3.jar:2.3.3]
	at play.core.server.netty.PlayDefaultUpstreamHandler$$anonfun$3$$anonfun$applyOrElse$4.apply(PlayDefaultUpstreamHandler.scala:320) [play_2.11-2.3.3.jar:2.3.3]
	at scala.Option.map(Option.scala:145) [scala-library-2.11.1.jar:na]
	at play.core.server.netty.PlayDefaultUpstreamHandler$$anonfun$3.applyOrElse(PlayDefaultUpstreamHandler.scala:320) [play_2.11-2.3.3.jar:2.3.3]
	at play.core.server.netty.PlayDefaultUpstreamHandler$$anonfun$3.applyOrElse(PlayDefaultUpstreamHandler.scala:316) [play_2.11-2.3.3.jar:2.3.3]
	at scala.concurrent.Future$$anonfun$recoverWith$1.apply(Future.scala:344) [scala-library-2.11.1.jar:na]
	at scala.concurrent.Future$$anonfun$recoverWith$1.apply(Future.scala:343) [scala-library-2.11.1.jar:na]
	at scala.concurrent.impl.CallbackRunnable.run(Promise.scala:32) [scala-library-2.11.1.jar:na]
	at play.api.libs.iteratee.Execution$trampoline$.execute(Execution.scala:46) [play-iteratees_2.11-2.3.3.jar:2.3.3]
	at scala.concurrent.impl.CallbackRunnable.executeWithValue(Promise.scala:40) [scala-library-2.11.1.jar:na]
	at scala.concurrent.impl.Promise$DefaultPromise.tryComplete(Promise.scala:248) [scala-library-2.11.1.jar:na]
	at scala.concurrent.Promise$class.complete(Promise.scala:55) [scala-library-2.11.1.jar:na]
	at scala.concurrent.impl.Promise$DefaultPromise.complete(Promise.scala:153) [scala-library-2.11.1.jar:na]
	at scala.concurrent.impl.Future$PromiseCompletingRunnable.run(Future.scala:23) [scala-library-2.11.1.jar:na]
	at akka.dispatch.TaskInvocation.run(AbstractDispatcher.scala:41) [akka-actor_2.11-2.3.4.jar:na]
	at akka.dispatch.ForkJoinExecutorConfigurator$AkkaForkJoinTask.exec(AbstractDispatcher.scala:393) [akka-actor_2.11-2.3.4.jar:na]
	at scala.concurrent.forkjoin.ForkJoinTask.doExec(ForkJoinTask.java:260) [scala-library-2.11.1.jar:na]
	at scala.concurrent.forkjoin.ForkJoinPool$WorkQueue.runTask(ForkJoinPool.java:1339) [scala-library-2.11.1.jar:na]
	at scala.concurrent.forkjoin.ForkJoinPool.runWorker(ForkJoinPool.java:1979) [scala-library-2.11.1.jar:na]
	at scala.concurrent.forkjoin.ForkJoinWorkerThread.run(ForkJoinWorkerThread.java:107) [scala-library-2.11.1.jar:na]
Caused by: java.lang.IllegalStateException: JSR-303 validated property 'Course_level_name' does not have a corresponding accessor for data binding - check your DataBinder's configuration (bean property versus direct field access)
	at play.data.Form.bind(Form.java:349) ~[play-java_2.11-2.3.3.jar:2.3.3]
	at play.data.Form.bindFromRequest(Form.java:221) ~[play-java_2.11-2.3.3.jar:2.3.3]
	at controllers.admincontrollers.CourseActions.saveCourseLevel(CourseActions.java:71) ~[classes/:na]
	at admin.Routes$$anonfun$routes$1$$anonfun$applyOrElse$8$$anonfun$apply$8.apply(routes_routing.scala:183) ~[classes/:na]
	at admin.Routes$$anonfun$routes$1$$anonfun$applyOrElse$8$$anonfun$apply$8.apply(routes_routing.scala:183) ~[classes/:na]
	at play.core.Router$HandlerInvokerFactory$$anon$4.resultCall(Router.scala:264) ~[play_2.11-2.3.3.jar:2.3.3]
	at play.core.Router$HandlerInvokerFactory$JavaActionInvokerFactory$$anon$15$$anon$1.invocation(Router.scala:255) ~[play_2.11-2.3.3.jar:2.3.3]
	at play.core.j.JavaAction$$anon$1.call(JavaAction.scala:55) ~[play_2.11-2.3.3.jar:2.3.3]
	at play.core.j.JavaAction$$anonfun$11.apply(JavaAction.scala:82) ~[play_2.11-2.3.3.jar:2.3.3]
	at play.core.j.JavaAction$$anonfun$11.apply(JavaAction.scala:82) ~[play_2.11-2.3.3.jar:2.3.3]
	at scala.concurrent.impl.Future$PromiseCompletingRunnable.liftedTree1$1(Future.scala:24) [scala-library-2.11.1.jar:na]
	at scala.concurrent.impl.Future$PromiseCompletingRunnable.run(Future.scala:24) [scala-library-2.11.1.jar:na]
	at play.core.j.HttpExecutionContext$$anon$2.run(HttpExecutionContext.scala:40) ~[play_2.11-2.3.3.jar:2.3.3]
	at play.api.libs.iteratee.Execution$trampoline$.execute(Execution.scala:46) [play-iteratees_2.11-2.3.3.jar:2.3.3]
	at play.core.j.HttpExecutionContext.execute(HttpExecutionContext.scala:32) ~[play_2.11-2.3.3.jar:2.3.3]
	at scala.concurrent.impl.Future$.apply(Future.scala:31) ~[scala-library-2.11.1.jar:na]
	at scala.concurrent.Future$.apply(Future.scala:492) ~[scala-library-2.11.1.jar:na]
	at play.core.j.JavaAction$class.apply(JavaAction.scala:82) ~[play_2.11-2.3.3.jar:2.3.3]
	at play.core.Router$HandlerInvokerFactory$JavaActionInvokerFactory$$anon$15$$anon$1.apply(Router.scala:252) ~[play_2.11-2.3.3.jar:2.3.3]
	at play.api.mvc.Action$$anonfun$apply$1$$anonfun$apply$4$$anonfun$apply$5.apply(Action.scala:130) ~[play_2.11-2.3.3.jar:2.3.3]
	at play.api.mvc.Action$$anonfun$apply$1$$anonfun$apply$4$$anonfun$apply$5.apply(Action.scala:130) ~[play_2.11-2.3.3.jar:2.3.3]
	at play.utils.Threads$.withContextClassLoader(Threads.scala:21) ~[play_2.11-2.3.3.jar:2.3.3]
	at play.api.mvc.Action$$anonfun$apply$1$$anonfun$apply$4.apply(Action.scala:129) ~[play_2.11-2.3.3.jar:2.3.3]
	at play.api.mvc.Action$$anonfun$apply$1$$anonfun$apply$4.apply(Action.scala:128) ~[play_2.11-2.3.3.jar:2.3.3]
	at scala.Option.map(Option.scala:145) [scala-library-2.11.1.jar:na]
	at play.api.mvc.Action$$anonfun$apply$1.apply(Action.scala:128) ~[play_2.11-2.3.3.jar:2.3.3]
	at play.api.mvc.Action$$anonfun$apply$1.apply(Action.scala:121) ~[play_2.11-2.3.3.jar:2.3.3]
	at play.api.libs.iteratee.Iteratee$$anonfun$mapM$1.apply(Iteratee.scala:483) ~[play-iteratees_2.11-2.3.3.jar:2.3.3]
	at play.api.libs.iteratee.Iteratee$$anonfun$mapM$1.apply(Iteratee.scala:483) ~[play-iteratees_2.11-2.3.3.jar:2.3.3]
	at play.api.libs.iteratee.Iteratee$$anonfun$flatMapM$1.apply(Iteratee.scala:519) ~[play-iteratees_2.11-2.3.3.jar:2.3.3]
	at play.api.libs.iteratee.Iteratee$$anonfun$flatMapM$1.apply(Iteratee.scala:519) ~[play-iteratees_2.11-2.3.3.jar:2.3.3]
	at play.api.libs.iteratee.Iteratee$$anonfun$flatMap$1$$anonfun$apply$14.apply(Iteratee.scala:496) ~[play-iteratees_2.11-2.3.3.jar:2.3.3]
	at play.api.libs.iteratee.Iteratee$$anonfun$flatMap$1$$anonfun$apply$14.apply(Iteratee.scala:496) ~[play-iteratees_2.11-2.3.3.jar:2.3.3]
	at scala.concurrent.impl.Future$PromiseCompletingRunnable.liftedTree1$1(Future.scala:24) [scala-library-2.11.1.jar:na]
	at scala.concurrent.impl.Future$PromiseCompletingRunnable.run(Future.scala:24) [scala-library-2.11.1.jar:na]
	... 6 common frames omitted
Caused by: org.springframework.beans.NotReadablePropertyException: Invalid property 'Course_level_name' of bean class [models.web.CourseLevel]: Bean property 'Course_level_name' is not readable or has an invalid getter method: Does the return type of the getter match the parameter type of the setter?
	at org.springframework.beans.BeanWrapperImpl.getPropertyValue(BeanWrapperImpl.java:725) ~[spring-beans-4.0.3.RELEASE.jar:4.0.3.RELEASE]
	at org.springframework.beans.BeanWrapperImpl.getPropertyValue(BeanWrapperImpl.java:716) ~[spring-beans-4.0.3.RELEASE.jar:4.0.3.RELEASE]
	at org.springframework.validation.AbstractPropertyBindingResult.getActualFieldValue(AbstractPropertyBindingResult.java:99) ~[spring-context-4.0.3.RELEASE.jar:4.0.3.RELEASE]
	at org.springframework.validation.AbstractBindingResult.rejectValue(AbstractBindingResult.java:108) ~[spring-context-4.0.3.RELEASE.jar:4.0.3.RELEASE]
	at play.data.Form.bind(Form.java:343) ~[play-java_2.11-2.3.3.jar:2.3.3]
	... 40 common frames omitted

2016-06-29 21:05:36,389 - [ERROR] - from play in play-akka.actor.default-dispatcher-518 
Cannot invoke the action, eventually got an error: java.lang.IllegalStateException: JSR-303 validated property 'Course_level_name' does not have a corresponding accessor for data binding - check your DataBinder's configuration (bean property versus direct field access)

2016-06-29 21:05:36,402 - [ERROR] - from application in play-akka.actor.default-dispatcher-518 


! @70hf9aa8g - Internal server error, for (POST) [/course/level/save] ->

play.api.Application$$anon$1: Execution exception[[IllegalStateException: JSR-303 validated property 'Course_level_name' does not have a corresponding accessor for data binding - check your DataBinder's configuration (bean property versus direct field access)]]
	at play.api.Application$class.handleError(Application.scala:296) ~[play_2.11-2.3.3.jar:2.3.3]
	at play.api.DefaultApplication.handleError(Application.scala:402) [play_2.11-2.3.3.jar:2.3.3]
	at play.core.server.netty.PlayDefaultUpstreamHandler$$anonfun$3$$anonfun$applyOrElse$4.apply(PlayDefaultUpstreamHandler.scala:320) [play_2.11-2.3.3.jar:2.3.3]
	at play.core.server.netty.PlayDefaultUpstreamHandler$$anonfun$3$$anonfun$applyOrElse$4.apply(PlayDefaultUpstreamHandler.scala:320) [play_2.11-2.3.3.jar:2.3.3]
	at scala.Option.map(Option.scala:145) [scala-library-2.11.1.jar:na]
	at play.core.server.netty.PlayDefaultUpstreamHandler$$anonfun$3.applyOrElse(PlayDefaultUpstreamHandler.scala:320) [play_2.11-2.3.3.jar:2.3.3]
	at play.core.server.netty.PlayDefaultUpstreamHandler$$anonfun$3.applyOrElse(PlayDefaultUpstreamHandler.scala:316) [play_2.11-2.3.3.jar:2.3.3]
	at scala.concurrent.Future$$anonfun$recoverWith$1.apply(Future.scala:344) [scala-library-2.11.1.jar:na]
	at scala.concurrent.Future$$anonfun$recoverWith$1.apply(Future.scala:343) [scala-library-2.11.1.jar:na]
	at scala.concurrent.impl.CallbackRunnable.run(Promise.scala:32) [scala-library-2.11.1.jar:na]
	at play.api.libs.iteratee.Execution$trampoline$.execute(Execution.scala:46) [play-iteratees_2.11-2.3.3.jar:2.3.3]
	at scala.concurrent.impl.CallbackRunnable.executeWithValue(Promise.scala:40) [scala-library-2.11.1.jar:na]
	at scala.concurrent.impl.Promise$DefaultPromise.tryComplete(Promise.scala:248) [scala-library-2.11.1.jar:na]
	at scala.concurrent.Promise$class.complete(Promise.scala:55) [scala-library-2.11.1.jar:na]
	at scala.concurrent.impl.Promise$DefaultPromise.complete(Promise.scala:153) [scala-library-2.11.1.jar:na]
	at scala.concurrent.impl.Future$PromiseCompletingRunnable.run(Future.scala:23) [scala-library-2.11.1.jar:na]
	at akka.dispatch.TaskInvocation.run(AbstractDispatcher.scala:41) [akka-actor_2.11-2.3.4.jar:na]
	at akka.dispatch.ForkJoinExecutorConfigurator$AkkaForkJoinTask.exec(AbstractDispatcher.scala:393) [akka-actor_2.11-2.3.4.jar:na]
	at scala.concurrent.forkjoin.ForkJoinTask.doExec(ForkJoinTask.java:260) [scala-library-2.11.1.jar:na]
	at scala.concurrent.forkjoin.ForkJoinPool$WorkQueue.runTask(ForkJoinPool.java:1339) [scala-library-2.11.1.jar:na]
	at scala.concurrent.forkjoin.ForkJoinPool.runWorker(ForkJoinPool.java:1979) [scala-library-2.11.1.jar:na]
	at scala.concurrent.forkjoin.ForkJoinWorkerThread.run(ForkJoinWorkerThread.java:107) [scala-library-2.11.1.jar:na]
Caused by: java.lang.IllegalStateException: JSR-303 validated property 'Course_level_name' does not have a corresponding accessor for data binding - check your DataBinder's configuration (bean property versus direct field access)
	at play.data.Form.bind(Form.java:349) ~[play-java_2.11-2.3.3.jar:2.3.3]
	at play.data.Form.bindFromRequest(Form.java:221) ~[play-java_2.11-2.3.3.jar:2.3.3]
	at controllers.admincontrollers.CourseActions.saveCourseLevel(CourseActions.java:71) ~[classes/:na]
	at admin.Routes$$anonfun$routes$1$$anonfun$applyOrElse$8$$anonfun$apply$8.apply(routes_routing.scala:183) ~[classes/:na]
	at admin.Routes$$anonfun$routes$1$$anonfun$applyOrElse$8$$anonfun$apply$8.apply(routes_routing.scala:183) ~[classes/:na]
	at play.core.Router$HandlerInvokerFactory$$anon$4.resultCall(Router.scala:264) ~[play_2.11-2.3.3.jar:2.3.3]
	at play.core.Router$HandlerInvokerFactory$JavaActionInvokerFactory$$anon$15$$anon$1.invocation(Router.scala:255) ~[play_2.11-2.3.3.jar:2.3.3]
	at play.core.j.JavaAction$$anon$1.call(JavaAction.scala:55) ~[play_2.11-2.3.3.jar:2.3.3]
	at play.core.j.JavaAction$$anonfun$11.apply(JavaAction.scala:82) ~[play_2.11-2.3.3.jar:2.3.3]
	at play.core.j.JavaAction$$anonfun$11.apply(JavaAction.scala:82) ~[play_2.11-2.3.3.jar:2.3.3]
	at scala.concurrent.impl.Future$PromiseCompletingRunnable.liftedTree1$1(Future.scala:24) [scala-library-2.11.1.jar:na]
	at scala.concurrent.impl.Future$PromiseCompletingRunnable.run(Future.scala:24) [scala-library-2.11.1.jar:na]
	at play.core.j.HttpExecutionContext$$anon$2.run(HttpExecutionContext.scala:40) ~[play_2.11-2.3.3.jar:2.3.3]
	at play.api.libs.iteratee.Execution$trampoline$.execute(Execution.scala:46) [play-iteratees_2.11-2.3.3.jar:2.3.3]
	at play.core.j.HttpExecutionContext.execute(HttpExecutionContext.scala:32) ~[play_2.11-2.3.3.jar:2.3.3]
	at scala.concurrent.impl.Future$.apply(Future.scala:31) ~[scala-library-2.11.1.jar:na]
	at scala.concurrent.Future$.apply(Future.scala:492) ~[scala-library-2.11.1.jar:na]
	at play.core.j.JavaAction$class.apply(JavaAction.scala:82) ~[play_2.11-2.3.3.jar:2.3.3]
	at play.core.Router$HandlerInvokerFactory$JavaActionInvokerFactory$$anon$15$$anon$1.apply(Router.scala:252) ~[play_2.11-2.3.3.jar:2.3.3]
	at play.api.mvc.Action$$anonfun$apply$1$$anonfun$apply$4$$anonfun$apply$5.apply(Action.scala:130) ~[play_2.11-2.3.3.jar:2.3.3]
	at play.api.mvc.Action$$anonfun$apply$1$$anonfun$apply$4$$anonfun$apply$5.apply(Action.scala:130) ~[play_2.11-2.3.3.jar:2.3.3]
	at play.utils.Threads$.withContextClassLoader(Threads.scala:21) ~[play_2.11-2.3.3.jar:2.3.3]
	at play.api.mvc.Action$$anonfun$apply$1$$anonfun$apply$4.apply(Action.scala:129) ~[play_2.11-2.3.3.jar:2.3.3]
	at play.api.mvc.Action$$anonfun$apply$1$$anonfun$apply$4.apply(Action.scala:128) ~[play_2.11-2.3.3.jar:2.3.3]
	at scala.Option.map(Option.scala:145) [scala-library-2.11.1.jar:na]
	at play.api.mvc.Action$$anonfun$apply$1.apply(Action.scala:128) ~[play_2.11-2.3.3.jar:2.3.3]
	at play.api.mvc.Action$$anonfun$apply$1.apply(Action.scala:121) ~[play_2.11-2.3.3.jar:2.3.3]
	at play.api.libs.iteratee.Iteratee$$anonfun$mapM$1.apply(Iteratee.scala:483) ~[play-iteratees_2.11-2.3.3.jar:2.3.3]
	at play.api.libs.iteratee.Iteratee$$anonfun$mapM$1.apply(Iteratee.scala:483) ~[play-iteratees_2.11-2.3.3.jar:2.3.3]
	at play.api.libs.iteratee.Iteratee$$anonfun$flatMapM$1.apply(Iteratee.scala:519) ~[play-iteratees_2.11-2.3.3.jar:2.3.3]
	at play.api.libs.iteratee.Iteratee$$anonfun$flatMapM$1.apply(Iteratee.scala:519) ~[play-iteratees_2.11-2.3.3.jar:2.3.3]
	at play.api.libs.iteratee.Iteratee$$anonfun$flatMap$1$$anonfun$apply$14.apply(Iteratee.scala:496) ~[play-iteratees_2.11-2.3.3.jar:2.3.3]
	at play.api.libs.iteratee.Iteratee$$anonfun$flatMap$1$$anonfun$apply$14.apply(Iteratee.scala:496) ~[play-iteratees_2.11-2.3.3.jar:2.3.3]
	at scala.concurrent.impl.Future$PromiseCompletingRunnable.liftedTree1$1(Future.scala:24) [scala-library-2.11.1.jar:na]
	at scala.concurrent.impl.Future$PromiseCompletingRunnable.run(Future.scala:24) [scala-library-2.11.1.jar:na]
	... 6 common frames omitted
Caused by: org.springframework.beans.NotReadablePropertyException: Invalid property 'Course_level_name' of bean class [models.web.CourseLevel]: Bean property 'Course_level_name' is not readable or has an invalid getter method: Does the return type of the getter match the parameter type of the setter?
	at org.springframework.beans.BeanWrapperImpl.getPropertyValue(BeanWrapperImpl.java:725) ~[spring-beans-4.0.3.RELEASE.jar:4.0.3.RELEASE]
	at org.springframework.beans.BeanWrapperImpl.getPropertyValue(BeanWrapperImpl.java:716) ~[spring-beans-4.0.3.RELEASE.jar:4.0.3.RELEASE]
	at org.springframework.validation.AbstractPropertyBindingResult.getActualFieldValue(AbstractPropertyBindingResult.java:99) ~[spring-context-4.0.3.RELEASE.jar:4.0.3.RELEASE]
	at org.springframework.validation.AbstractBindingResult.rejectValue(AbstractBindingResult.java:108) ~[spring-context-4.0.3.RELEASE.jar:4.0.3.RELEASE]
	at play.data.Form.bind(Form.java:343) ~[play-java_2.11-2.3.3.jar:2.3.3]
	... 40 common frames omitted

2016-06-29 21:09:38,925 - [INFO] - from play in play-internal-execution-context-5 
database [default] connected at jdbc:postgresql://localhost:5432/studentconnect

2016-06-29 21:09:39,243 - [INFO] - from play in play-internal-execution-context-5 
Application started (Dev)

2016-06-29 21:09:39,344 - [WARN] - from play in play-akka.actor.default-dispatcher-537 
You are using status code '400' with flashing, which should only be used with a redirect status!

2016-06-29 21:09:59,228 - [WARN] - from play in play-akka.actor.default-dispatcher-541 
You are using status code '400' with flashing, which should only be used with a redirect status!

